Arguments: 
  C:\Program Files\nodejs\node.exe C:\Users\Sima\AppData\Roaming\npm\node_modules\yarn\bin\yarn.js

PATH: 
  C:\Program Files\Git\mingw64\bin;C:\Program Files\Git\usr\bin;C:\Users\Sima\bin;C:\Python311\Scripts;C:\Python311;C:\Windows\system32;C:\Windows;C:\Windows\System32\Wbem;C:\Windows\System32\WindowsPowerShell\v1.0;C:\Windows\System32\OpenSSH;C:\ProgramData\chocolatey\bin;C:\Program Files\Git\cmd;C:\Program Files (x86)\NVIDIA Corporation\PhysX\Common;C:\Program Files\nodejs;C:\Users\Sima\AppData\Local\Microsoft\WindowsApps;C:\Users\Sima\AppData\Local\Programs\Microsoft VS Code\bin;C:\Users\Sima\AppData\Roaming\npm;C:\Users\Sima\Desktop\extra\PersonalPerojects\question-list\node_modules\.bin

Yarn version: 
  1.22.19

Node version: 
  18.17.0

Platform: 
  win32 x64

Trace: 
  Error: EPERM: operation not permitted, unlink 'C:\Users\Sima\Desktop\extra\PersonalPerojects\question-list\node_modules\@next\swc-win32-x64-msvc\next-swc.win32-x64-msvc.node'

npm manifest: 
  {
    "name": "question-list",
    "version": "0.1.0",
    "private": true,
    "scripts": {
      "dev": "next dev",
      "build": "next build",
      "start": "next start",
      "lint": "next lint"
    },
    "dependencies": {
      "@tanstack/react-query": "^4.32.6",
      "axios": "^1.4.0",
      "next": "13.4.13",
      "react": "18.2.0",
      "react-dom": "18.2.0",
      "sass": "^1.65.1",
      "sharp": "^0.32.4"
    },
    "devDependencies": {
      "@types/node": "20.4.9",
      "@types/react": "18.2.20",
      "@types/react-dom": "18.2.7",
      "@typescript-eslint/eslint-plugin": "^6.3.0",
      "eslint": "8.46.0",
      "eslint-config-next": "13.4.13",
      "eslint-config-prettier": "^8.3.0",
      "prettier": "^2.5.1",
      "typescript": "5.1.6"
    }
  }

yarn manifest: 
  No manifest

Lockfile: 
  No lockfile
